<?xml version="1.0" encoding="UTF-8"?>
<!-- Generated by org.testng.reporters.JUnitXMLReporter -->
<testsuite ignored="0" hostname="INLN34327653A" failures="1" tests="1" name="Test" time="1404.511" errors="0" timestamp="2021-09-24T21:56:41 IST">
  <testcase classname="com.TestCases.SearchItemandAddtoCart" name="HomePageTestcase" time="1404.453">
    <failure type="org.openqa.selenium.NoSuchElementException" message="Cannot locate an element using xpath=/html/body/div[1]/div[2]/div[1]/div[1]/div/span[3]/div[2]/div[29]/span/div/span/a[3]
For documentation on this error, please visit: https://www.seleniumhq.org/exceptions/no_such_element.html
Build info: version: &amp;apos;3.141.59&amp;apos;, revision: &amp;apos;e82be7d358&amp;apos;, time: &amp;apos;2018-11-14T08:25:53&amp;apos;
System info: host: &amp;apos;INLN34327653A&amp;apos;, ip: &amp;apos;192.168.1.100&amp;apos;, os.name: &amp;apos;Windows 10&amp;apos;, os.arch: &amp;apos;amd64&amp;apos;, os.version: &amp;apos;10.0&amp;apos;, java.version: &amp;apos;13.0.1&amp;apos;
Driver info: driver.version: RemoteWebDriver">
      <![CDATA[org.openqa.selenium.NoSuchElementException: Cannot locate an element using xpath=/html/body/div[1]/div[2]/div[1]/div[1]/div/span[3]/div[2]/div[29]/span/div/span/a[3]
For documentation on this error, please visit: https://www.seleniumhq.org/exceptions/no_such_element.html
Build info: version: '3.141.59', revision: 'e82be7d358', time: '2018-11-14T08:25:53'
System info: host: 'INLN34327653A', ip: '192.168.1.100', os.name: 'Windows 10', os.arch: 'amd64', os.version: '10.0', java.version: '13.0.1'
Driver info: driver.version: RemoteWebDriver
at org.openqa.selenium.remote.RemoteWebDriver.findElement(RemoteWebDriver.java:327)
at org.openqa.selenium.remote.RemoteWebDriver.findElementByXPath(RemoteWebDriver.java:428)
at org.openqa.selenium.By$ByXPath.findElement(By.java:353)
at org.openqa.selenium.remote.RemoteWebDriver.findElement(RemoteWebDriver.java:315)
at com.Objects.HomePageObjects.nextbutton(HomePageObjects.java:44)
at com.Modules.searchitemandaddtocart.HomePageDetails(searchitemandaddtocart.java:33)
at com.TestCases.SearchItemandAddtoCart.HomePageTestcase(SearchItemandAddtoCart.java:34)
at java.base/java.util.ArrayList.forEach(ArrayList.java:1507)
... Removed 27 stack frames]]>
    </failure>
  </testcase> <!-- HomePageTestcase -->
</testsuite> <!-- Test -->
